<?xml version="1.0" encoding="UTF-8"?>
<<<<<<< HEAD
<testng-results skipped="0" failed="1" total="2" passed="1">
  <reporter-output>
  </reporter-output>
  <suite name="smoke-test-suite" duration-ms="19141" started-at="2015-02-25T05:24:43Z" finished-at="2015-02-25T05:25:02Z">
    <groups>
    </groups>
    <test name="FailTest" duration-ms="16202" started-at="2015-02-25T05:24:43Z" finished-at="2015-02-25T05:24:59Z">
      <class name="com.booj.base.FailTest">
        <test-method status="PASS" signature="setUpBeforeTestClass()[pri:0, instance:com.booj.base.FailTest@38082d64]" name="setUpBeforeTestClass" is-config="true" duration-ms="6973" started-at="2015-02-24T22:24:43Z" finished-at="2015-02-24T22:24:50Z">
          <reporter-output>
          </reporter-output>
        </test-method> <!-- setUpBeforeTestClass -->
        <test-method status="FAIL" signature="test_Account_Login_Page_Appear_Correct()[pri:0, instance:com.booj.base.FailTest@38082d64]" name="test_Account_Login_Page_Appear_Correct" duration-ms="7226" started-at="2015-02-24T22:24:50Z" finished-at="2015-02-24T22:24:57Z">
          <exception class="java.lang.AssertionError">
            <message>
              <![CDATA[expected [true] but found [false]]]>
            </message>
            <full-stacktrace>
              <![CDATA[java.lang.AssertionError: expected [true] but found [false]
	at org.testng.Assert.fail(Assert.java:94)
	at org.testng.Assert.failNotEquals(Assert.java:494)
	at org.testng.Assert.assertTrue(Assert.java:42)
	at org.testng.Assert.assertTrue(Assert.java:52)
	at com.booj.base.FailTest.test_Account_Login_Page_Appear_Correct(FailTest.java:25)
=======
<testng-results skipped="0" failed="1" total="1" passed="0">
  <reporter-output>
  </reporter-output>
  <suite name="com.baird.bairdWarnerMainTests.BaseTest" duration-ms="7247" started-at="2015-02-11T23:51:11Z" finished-at="2015-02-11T23:51:19Z">
    <groups>
    </groups>
    <test name="Command line test" duration-ms="7247" started-at="2015-02-11T23:51:11Z" finished-at="2015-02-11T23:51:19Z">
      <class name="com.baird.bairdWarnerMainTests.BaseTest">
        <test-method status="PASS" signature="setUpBeforeTestClass()[pri:0, instance:com.baird.bairdWarnerMainTests.BaseTest@73f792cf]" name="setUpBeforeTestClass" is-config="true" duration-ms="4934" started-at="2015-02-11T16:51:11Z" finished-at="2015-02-11T16:51:16Z">
          <reporter-output>
          </reporter-output>
        </test-method> <!-- setUpBeforeTestClass -->
        <test-method status="FAIL" signature="test_Account_Login_Page_Appear_Correct()[pri:0, instance:com.baird.bairdWarnerMainTests.BaseTest@73f792cf]" name="test_Account_Login_Page_Appear_Correct" duration-ms="1993" started-at="2015-02-11T16:51:16Z" finished-at="2015-02-11T16:51:18Z">
          <exception class="java.lang.ClassCastException">
            <message>
              <![CDATA[org.openqa.selenium.By$ByClassName cannot be cast to org.openqa.selenium.WebElement]]>
            </message>
            <full-stacktrace>
              <![CDATA[java.lang.ClassCastException: org.openqa.selenium.By$ByClassName cannot be cast to org.openqa.selenium.WebElement
	at com.baird.pageObject.AccountLoginTest.getLoginWelcome(AccountLoginTest.java:66)
	at com.baird.bairdWarnerMainTests.BaseTest.test_Account_Login_Page_Appear_Correct(BaseTest.java:25)
>>>>>>> e9c479ce0d1814e156e72464a65672a87df762f8
	at sun.reflect.NativeMethodAccessorImpl.invoke0(Native Method)
	at sun.reflect.NativeMethodAccessorImpl.invoke(NativeMethodAccessorImpl.java:62)
	at sun.reflect.DelegatingMethodAccessorImpl.invoke(DelegatingMethodAccessorImpl.java:43)
	at java.lang.reflect.Method.invoke(Method.java:483)
	at org.testng.internal.MethodInvocationHelper.invokeMethod(MethodInvocationHelper.java:85)
	at org.testng.internal.Invoker.invokeMethod(Invoker.java:696)
	at org.testng.internal.Invoker.invokeTestMethod(Invoker.java:882)
	at org.testng.internal.Invoker.invokeTestMethods(Invoker.java:1189)
	at org.testng.internal.TestMethodWorker.invokeTestMethods(TestMethodWorker.java:124)
	at org.testng.internal.TestMethodWorker.run(TestMethodWorker.java:108)
	at org.testng.TestRunner.privateRun(TestRunner.java:767)
	at org.testng.TestRunner.run(TestRunner.java:617)
	at org.testng.SuiteRunner.runTest(SuiteRunner.java:348)
<<<<<<< HEAD
	at org.testng.SuiteRunner.access$000(SuiteRunner.java:38)
	at org.testng.SuiteRunner$SuiteWorker.run(SuiteRunner.java:382)
	at org.testng.internal.thread.ThreadUtil$2.call(ThreadUtil.java:64)
	at java.util.concurrent.FutureTask.run(FutureTask.java:266)
	at java.util.concurrent.ThreadPoolExecutor.runWorker(ThreadPoolExecutor.java:1142)
	at java.util.concurrent.ThreadPoolExecutor$Worker.run(ThreadPoolExecutor.java:617)
	at java.lang.Thread.run(Thread.java:745)
]]>
            </full-stacktrace>
          </exception> <!-- java.lang.AssertionError -->
          <reporter-output>
          </reporter-output>
        </test-method> <!-- test_Account_Login_Page_Appear_Correct -->
        <test-method status="PASS" signature="tearDown()[pri:0, instance:com.booj.base.FailTest@38082d64]" name="tearDown" is-config="true" duration-ms="401" started-at="2015-02-24T22:24:58Z" finished-at="2015-02-24T22:24:59Z">
          <reporter-output>
          </reporter-output>
        </test-method> <!-- tearDown -->
      </class> <!-- com.booj.base.FailTest -->
    </test> <!-- FailTest -->
    <test name="PassTest" duration-ms="19141" started-at="2015-02-25T05:24:43Z" finished-at="2015-02-25T05:25:02Z">
      <class name="com.booj.base.PassTest">
        <test-method status="PASS" signature="setUpBeforeTestClass()[pri:0, instance:com.booj.base.PassTest@7e0ea639]" name="setUpBeforeTestClass" is-config="true" duration-ms="11072" started-at="2015-02-24T22:24:43Z" finished-at="2015-02-24T22:24:54Z">
          <reporter-output>
          </reporter-output>
        </test-method> <!-- setUpBeforeTestClass -->
        <test-method status="PASS" signature="test_Account_Login_Page_Appear_Correct()[pri:0, instance:com.booj.base.PassTest@7e0ea639]" name="test_Account_Login_Page_Appear_Correct" duration-ms="7709" started-at="2015-02-24T22:24:54Z" finished-at="2015-02-24T22:25:01Z">
          <reporter-output>
          </reporter-output>
        </test-method> <!-- test_Account_Login_Page_Appear_Correct -->
        <test-method status="PASS" signature="tearDown()[pri:0, instance:com.booj.base.PassTest@7e0ea639]" name="tearDown" is-config="true" duration-ms="350" started-at="2015-02-24T22:25:01Z" finished-at="2015-02-24T22:25:02Z">
          <reporter-output>
          </reporter-output>
        </test-method> <!-- tearDown -->
      </class> <!-- com.booj.base.PassTest -->
    </test> <!-- PassTest -->
  </suite> <!-- smoke-test-suite -->
=======
	at org.testng.SuiteRunner.runSequentially(SuiteRunner.java:343)
	at org.testng.SuiteRunner.privateRun(SuiteRunner.java:305)
	at org.testng.SuiteRunner.run(SuiteRunner.java:254)
	at org.testng.SuiteRunnerWorker.runSuite(SuiteRunnerWorker.java:52)
	at org.testng.SuiteRunnerWorker.run(SuiteRunnerWorker.java:86)
	at org.testng.TestNG.runSuitesSequentially(TestNG.java:1224)
	at org.testng.TestNG.runSuitesLocally(TestNG.java:1149)
	at org.testng.TestNG.run(TestNG.java:1057)
	at org.apache.maven.surefire.testng.TestNGExecutor.run(TestNGExecutor.java:70)
	at org.apache.maven.surefire.testng.TestNGDirectoryTestSuite.execute(TestNGDirectoryTestSuite.java:109)
	at org.apache.maven.surefire.testng.TestNGProvider.invoke(TestNGProvider.java:111)
	at sun.reflect.NativeMethodAccessorImpl.invoke0(Native Method)
	at sun.reflect.NativeMethodAccessorImpl.invoke(NativeMethodAccessorImpl.java:62)
	at sun.reflect.DelegatingMethodAccessorImpl.invoke(DelegatingMethodAccessorImpl.java:43)
	at java.lang.reflect.Method.invoke(Method.java:483)
	at org.apache.maven.surefire.util.ReflectionUtils.invokeMethodWithArray(ReflectionUtils.java:164)
	at org.apache.maven.surefire.booter.ProviderFactory$ProviderProxy.invoke(ProviderFactory.java:110)
	at org.apache.maven.surefire.booter.SurefireStarter.invokeProvider(SurefireStarter.java:175)
	at org.apache.maven.surefire.booter.SurefireStarter.runSuitesInProcessWhenForked(SurefireStarter.java:107)
	at org.apache.maven.surefire.booter.ForkedBooter.main(ForkedBooter.java:68)
]]>
            </full-stacktrace>
          </exception> <!-- java.lang.ClassCastException -->
          <reporter-output>
          </reporter-output>
        </test-method> <!-- test_Account_Login_Page_Appear_Correct -->
        <test-method status="PASS" signature="tearDown()[pri:0, instance:com.baird.bairdWarnerMainTests.BaseTest@73f792cf]" name="tearDown" is-config="true" duration-ms="308" started-at="2015-02-11T16:51:18Z" finished-at="2015-02-11T16:51:19Z">
          <reporter-output>
          </reporter-output>
        </test-method> <!-- tearDown -->
      </class> <!-- com.baird.bairdWarnerMainTests.BaseTest -->
    </test> <!-- Command line test -->
  </suite> <!-- com.baird.bairdWarnerMainTests.BaseTest -->
>>>>>>> e9c479ce0d1814e156e72464a65672a87df762f8
</testng-results>
